<?xml version="1.0" encoding="UTF-8"?>
<testsuite xmlns:xsi="http://www.w3.org/2001/XMLSchema-instance" xsi:noNamespaceSchemaLocation="https://maven.apache.org/surefire/maven-surefire-plugin/xsd/surefire-test-report-3.0.xsd" version="3.0" name="com.programmingtechie.inventoryservice.InventoryServiceApplicationTests" time="7.84" tests="1" errors="0" skipped="0" failures="0">
  <properties>
[...]
</properties>
  <testcase name="shouldReadInventory" classname="com.programmingtechie.inventoryservice.InventoryServiceApplicationTests" time="0.703">
    <system-out><![CDATA[18:06:06.887 [main] INFO org.springframework.test.context.support.AnnotationConfigContextLoaderUtils -- Could not detect default configuration classes for test class [com.programmingtechie.inventoryservice.InventoryServiceApplicationTests]: InventoryServiceApplicationTests does not declare any static, non-private, non-final, nested classes annotated with @Configuration.
18:06:06.906 [main] INFO org.testcontainers.images.PullPolicy -- Image pull policy will be performed by: DefaultPullPolicy()
18:06:06.907 [main] INFO org.testcontainers.utility.ImageNameSubstitutor -- Image name substitution will be performed by: DefaultImageNameSubstitutor (composite of 'ConfigurationFileImageNameSubstitutor' and 'PrefixingImageNameSubstitutor')
18:06:07.004 [main] INFO org.testcontainers.dockerclient.DockerClientProviderStrategy -- Loaded org.testcontainers.dockerclient.UnixSocketClientProviderStrategy from ~/.testcontainers.properties, will try it first
18:06:07.120 [main] INFO org.testcontainers.dockerclient.DockerClientProviderStrategy -- Found Docker environment with local Unix socket (unix:///var/run/docker.sock)
18:06:07.121 [main] INFO org.testcontainers.DockerClientFactory -- Docker host IP address is localhost
18:06:07.136 [main] INFO org.testcontainers.DockerClientFactory -- Connected to docker: 
  Server Version: 26.1.1
  API Version: 1.45
  Operating System: Docker Desktop
  Total Memory: 7841 MB
18:06:07.148 [main] INFO tc.testcontainers/ryuk:0.6.0 -- Creating container for image: testcontainers/ryuk:0.6.0
18:06:07.216 [main] INFO org.testcontainers.utility.RegistryAuthLocator -- Credential helper/store (docker-credential-desktop) does not have credentials for https://index.docker.io/v1/
18:06:07.271 [main] INFO tc.testcontainers/ryuk:0.6.0 -- Container testcontainers/ryuk:0.6.0 is starting: fe444d577e70d9cb58fab6cc8eb69149fa0d1789273f8c69495989a3893f5577
18:06:07.447 [main] INFO tc.testcontainers/ryuk:0.6.0 -- Container testcontainers/ryuk:0.6.0 started in PT0.298911S
18:06:07.451 [main] INFO org.testcontainers.utility.RyukResourceReaper -- Ryuk started - will monitor and terminate Testcontainers containers on JVM exit
18:06:07.451 [main] INFO org.testcontainers.DockerClientFactory -- Checking the system...
18:06:07.451 [main] INFO org.testcontainers.DockerClientFactory -- ✔︎ Docker server version should be at least 1.6.0
18:06:07.452 [main] INFO tc.mysql:8.3.0 -- Creating container for image: mysql:8.3.0
18:06:07.486 [main] INFO tc.mysql:8.3.0 -- Container mysql:8.3.0 is starting: 1b825297ed2972b9300714092a5d143c56ae80a941a66329c0bbdf2cdd182266
18:06:07.634 [main] INFO tc.mysql:8.3.0 -- Waiting for database connection to become available at jdbc:mysql://localhost:50341/test using query 'SELECT 1'
18:06:12.282 [main] INFO tc.mysql:8.3.0 -- Container mysql:8.3.0 started in PT4.82957S
18:06:12.282 [main] INFO tc.mysql:8.3.0 -- Container is started (JDBC URL: jdbc:mysql://localhost:50341/test)
18:06:12.322 [main] INFO org.springframework.boot.test.context.SpringBootTestContextBootstrapper -- Found @SpringBootConfiguration com.programmingtechie.inventoryservice.InventoryServiceApplication for test class com.programmingtechie.inventoryservice.InventoryServiceApplicationTests

  .   ____          _            __ _ _
 /\\ / ___'_ __ _ _(_)_ __  __ _ \ \ \ \
( ( )\___ | '_ | '_| | '_ \/ _` | \ \ \ \
 \\/  ___)| |_)| | | | | || (_| |  ) ) ) )
  '  |____| .__|_| |_|_| |_\__, | / / / /
 =========|_|==============|___/=/_/_/_/
 :: Spring Boot ::                (v3.2.4)

2024-06-15T18:06:12.454-05:00  INFO 4440 --- [           main] c.p.i.InventoryServiceApplicationTests   : Starting InventoryServiceApplicationTests using Java 21.0.3 with PID 4440 (started by teja in /Users/teja/Documents/MyProject/spring-boot-microservices-initial-setup/inventory-service)
2024-06-15T18:06:12.454-05:00  INFO 4440 --- [           main] c.p.i.InventoryServiceApplicationTests   : No active profile set, falling back to 1 default profile: "default"
2024-06-15T18:06:12.725-05:00  INFO 4440 --- [           main] .s.d.r.c.RepositoryConfigurationDelegate : Bootstrapping Spring Data JPA repositories in DEFAULT mode.
2024-06-15T18:06:12.741-05:00  INFO 4440 --- [           main] .s.d.r.c.RepositoryConfigurationDelegate : Finished Spring Data repository scanning in 13 ms. Found 1 JPA repository interface.
2024-06-15T18:06:12.892-05:00  INFO 4440 --- [           main] o.s.b.w.embedded.tomcat.TomcatWebServer  : Tomcat initialized with port 0 (http)
2024-06-15T18:06:12.897-05:00  INFO 4440 --- [           main] o.apache.catalina.core.StandardService   : Starting service [Tomcat]
2024-06-15T18:06:12.897-05:00  INFO 4440 --- [           main] o.apache.catalina.core.StandardEngine    : Starting Servlet engine: [Apache Tomcat/10.1.19]
2024-06-15T18:06:12.912-05:00  INFO 4440 --- [           main] o.a.c.c.C.[Tomcat].[localhost].[/]       : Initializing Spring embedded WebApplicationContext
2024-06-15T18:06:12.912-05:00  INFO 4440 --- [           main] w.s.c.ServletWebServerApplicationContext : Root WebApplicationContext: initialization completed in 376 ms
2024-06-15T18:06:13.055-05:00  INFO 4440 --- [           main] o.f.c.internal.license.VersionPrinter    : Flyway Community Edition 9.22.3 by Redgate
2024-06-15T18:06:13.055-05:00  INFO 4440 --- [           main] o.f.c.internal.license.VersionPrinter    : See release notes here: https://rd.gt/416ObMi
2024-06-15T18:06:13.055-05:00  INFO 4440 --- [           main] o.f.c.internal.license.VersionPrinter    : 
2024-06-15T18:06:13.079-05:00  INFO 4440 --- [           main] org.flywaydb.core.FlywayExecutor         : Database: jdbc:mysql://localhost:50341/test (MySQL 8.3)
2024-06-15T18:06:13.099-05:00  WARN 4440 --- [           main] o.f.c.internal.database.base.Database    : Flyway upgrade recommended: MySQL 8.3 is newer than this version of Flyway and support has not been tested. The latest supported version of MySQL is 8.0.
2024-06-15T18:06:13.112-05:00  INFO 4440 --- [           main] o.f.c.i.s.JdbcTableSchemaHistory         : Schema history table `test`.`flyway_schema_history` does not exist yet
2024-06-15T18:06:13.115-05:00  INFO 4440 --- [           main] o.f.core.internal.command.DbValidate     : Successfully validated 2 migrations (execution time 00:00.010s)
2024-06-15T18:06:13.146-05:00  INFO 4440 --- [           main] o.f.c.i.s.JdbcTableSchemaHistory         : Creating Schema History table `test`.`flyway_schema_history` ...
2024-06-15T18:06:13.183-05:00  INFO 4440 --- [           main] o.f.core.internal.command.DbMigrate      : Current version of schema `test`: << Empty Schema >>
2024-06-15T18:06:13.187-05:00  INFO 4440 --- [           main] o.f.core.internal.command.DbMigrate      : Migrating schema `test` to version "1 - initial schema"
2024-06-15T18:06:13.198-05:00  WARN 4440 --- [           main] o.f.c.i.s.DefaultSqlScriptExecutor       : DB: Integer display width is deprecated and will be removed in a future release. (SQL State: HY000 - Error Code: 1681)
2024-06-15T18:06:13.198-05:00  WARN 4440 --- [           main] o.f.c.i.s.DefaultSqlScriptExecutor       : DB: Integer display width is deprecated and will be removed in a future release. (SQL State: HY000 - Error Code: 1681)
2024-06-15T18:06:13.216-05:00  INFO 4440 --- [           main] o.f.core.internal.command.DbMigrate      : Migrating schema `test` to version "2 - add inventory"
2024-06-15T18:06:13.229-05:00  INFO 4440 --- [           main] o.f.core.internal.command.DbMigrate      : Successfully applied 2 migrations to schema `test`, now at version v2 (execution time 00:00.016s)
2024-06-15T18:06:13.262-05:00  INFO 4440 --- [           main] o.hibernate.jpa.internal.util.LogHelper  : HHH000204: Processing PersistenceUnitInfo [name: default]
2024-06-15T18:06:13.283-05:00  INFO 4440 --- [           main] org.hibernate.Version                    : HHH000412: Hibernate ORM core version 6.4.4.Final
2024-06-15T18:06:13.294-05:00  INFO 4440 --- [           main] o.h.c.internal.RegionFactoryInitiator    : HHH000026: Second-level cache disabled
2024-06-15T18:06:13.368-05:00  INFO 4440 --- [           main] o.s.o.j.p.SpringPersistenceUnitInfo      : No LoadTimeWeaver setup: ignoring JPA class transformer
2024-06-15T18:06:13.381-05:00  INFO 4440 --- [           main] com.zaxxer.hikari.HikariDataSource       : HikariPool-1 - Starting...
2024-06-15T18:06:13.398-05:00  INFO 4440 --- [           main] com.zaxxer.hikari.pool.HikariPool        : HikariPool-1 - Added connection com.mysql.cj.jdbc.ConnectionImpl@600e2000
2024-06-15T18:06:13.399-05:00  INFO 4440 --- [           main] com.zaxxer.hikari.HikariDataSource       : HikariPool-1 - Start completed.
2024-06-15T18:06:13.699-05:00  INFO 4440 --- [           main] o.h.e.t.j.p.i.JtaPlatformInitiator       : HHH000489: No JTA platform available (set 'hibernate.transaction.jta.platform' to enable JTA platform integration)
2024-06-15T18:06:13.700-05:00  INFO 4440 --- [           main] j.LocalContainerEntityManagerFactoryBean : Initialized JPA EntityManagerFactory for persistence unit 'default'
2024-06-15T18:06:13.816-05:00  WARN 4440 --- [           main] JpaBaseConfiguration$JpaWebConfiguration : spring.jpa.open-in-view is enabled by default. Therefore, database queries may be performed during view rendering. Explicitly configure spring.jpa.open-in-view to disable this warning
2024-06-15T18:06:13.957-05:00  INFO 4440 --- [           main] o.s.b.w.embedded.tomcat.TomcatWebServer  : Tomcat started on port 50396 (http) with context path ''
2024-06-15T18:06:13.962-05:00  INFO 4440 --- [           main] c.p.i.InventoryServiceApplicationTests   : Started InventoryServiceApplicationTests in 1.591 seconds (process running for 7.325)
2024-06-15T18:06:14.536-05:00  INFO 4440 --- [o-auto-1-exec-1] o.a.c.c.C.[Tomcat].[localhost].[/]       : Initializing Spring DispatcherServlet 'dispatcherServlet'
2024-06-15T18:06:14.537-05:00  INFO 4440 --- [o-auto-1-exec-1] o.s.web.servlet.DispatcherServlet        : Initializing Servlet 'dispatcherServlet'
2024-06-15T18:06:14.537-05:00  INFO 4440 --- [o-auto-1-exec-1] o.s.web.servlet.DispatcherServlet        : Completed initialization in 0 ms
HTTP/1.1 200 
Content-Type: application/json
Transfer-Encoding: chunked
Date: Sat, 15 Jun 2024 23:06:14 GMT
Keep-Alive: timeout=60
Connection: keep-alive

true
HTTP/1.1 200 
Content-Type: application/json
Transfer-Encoding: chunked
Date: Sat, 15 Jun 2024 23:06:14 GMT
Keep-Alive: timeout=60
Connection: keep-alive

false
]]></system-out>
    <system-err><![CDATA[WARNING: A Java agent has been loaded dynamically (/Users/teja/.m2/repository/net/bytebuddy/byte-buddy-agent/1.14.12/byte-buddy-agent-1.14.12.jar)
WARNING: If a serviceability tool is in use, please run with -XX:+EnableDynamicAgentLoading to hide this warning
WARNING: If a serviceability tool is not in use, please run with -Djdk.instrument.traceUsage for more information
WARNING: Dynamic loading of agents will be disallowed by default in a future release
]]></system-err>
  </testcase>
</testsuite>